<?xml version="1.0" encoding="UTF-8"?>
<!-- Generated by org.testng.reporters.JUnitXMLReporter -->
<testsuite ignored="17" hostname="LTIN278618" failures="0" tests="6" name="Test" time="156.97" errors="0" timestamp="2023-09-05T10:36:25 IST">
  <testcase classname="baseClasses.BaseClass" name="openBeCognizant" time="10.318"/>
  <testcase classname="pageClasses.LoginPage" name="inputEmail" time="6.41"/>
  <testcase classname="pageClasses.LoginPage" name="inputPassword" time="32.016"/>
  <testcase classname="pageClasses.BeCognizantPortal" name="getUserDetails" time="20.947"/>
  <testcase classname="pageClasses.GettingNewsArticle" name="getHeadings" time="0.38"/>
  <testcase classname="pageClasses.GettingNewsArticle" name="getNewsArticle" time="71.67"/>
  <testcase classname="baseClasses.BaseClass" name="setBrowser" time="0.0">
    <ignored/>
  </testcase> <!-- setBrowser -->
  <testcase classname="baseClasses.BaseClass" name="closeBrowser" time="0.0">
    <ignored/>
  </testcase> <!-- closeBrowser -->
  <testcase classname="baseClasses.BaseClass" name="@AfterTest closeBrowser" time="0.0">
    <ignored/>
  </testcase> <!-- @AfterTest closeBrowser -->
  <testcase classname="baseClasses.BaseClass" name="openBeCognizant" time="0.0">
    <ignored/>
  </testcase> <!-- openBeCognizant -->
  <testcase classname="baseClasses.BaseClass" name="closeBrowser" time="0.0">
    <ignored/>
  </testcase> <!-- closeBrowser -->
  <testcase classname="baseClasses.BaseClass" name="@AfterTest closeBrowser" time="0.0">
    <ignored/>
  </testcase> <!-- @AfterTest closeBrowser -->
  <testcase classname="baseClasses.BaseClass" name="@BeforeTest setBrowser" time="0.0">
    <ignored/>
  </testcase> <!-- @BeforeTest setBrowser -->
  <testcase classname="baseClasses.BaseClass" name="setBrowser" time="0.0">
    <ignored/>
  </testcase> <!-- setBrowser -->
  <testcase classname="baseClasses.BaseClass" name="@BeforeTest setBrowser" time="0.0">
    <ignored/>
  </testcase> <!-- @BeforeTest setBrowser -->
  <testcase classname="baseClasses.BaseClass" name="setBrowser" time="0.0">
    <ignored/>
  </testcase> <!-- setBrowser -->
  <testcase classname="baseClasses.BaseClass" name="closeBrowser" time="0.0">
    <ignored/>
  </testcase> <!-- closeBrowser -->
  <testcase classname="baseClasses.BaseClass" name="openBeCognizant" time="0.0">
    <ignored/>
  </testcase> <!-- openBeCognizant -->
  <testcase classname="baseClasses.BaseClass" name="@AfterTest closeBrowser" time="0.0">
    <ignored/>
  </testcase> <!-- @AfterTest closeBrowser -->
  <testcase classname="baseClasses.BaseClass" name="openBeCognizant" time="0.0">
    <ignored/>
  </testcase> <!-- openBeCognizant -->
  <testcase classname="baseClasses.BaseClass" name="closeBrowser" time="0.0">
    <ignored/>
  </testcase> <!-- closeBrowser -->
  <testcase classname="baseClasses.BaseClass" name="@BeforeTest setBrowser" time="0.0">
    <ignored/>
  </testcase> <!-- @BeforeTest setBrowser -->
  <testcase classname="baseClasses.BaseClass" name="setBrowser" time="0.0">
    <ignored/>
  </testcase> <!-- setBrowser -->
</testsuite> <!-- Test -->
