<?xml version="1.0" encoding="UTF-8"?>
<testng-results ignored="0" total="6" passed="6" failed="0" skipped="0">
  <reporter-output>
  </reporter-output>
  <suite started-at="2023-09-05T10:33:48 IST" name="Suite" finished-at="2023-09-05T10:36:25 IST" duration-ms="156970">
    <groups>
    </groups>
    <test started-at="2023-09-05T10:33:48 IST" name="Test" finished-at="2023-09-05T10:36:25 IST" duration-ms="156970">
      <class name="pageClasses.LoginPage">
        <test-method signature="inputEmail()[pri:0, instance:pageClasses.LoginPage@29d80d2b]" started-at="2023-09-05T10:34:12 IST" name="inputEmail" finished-at="2023-09-05T10:34:18 IST" duration-ms="6410" status="PASS">
          <reporter-output>
          </reporter-output>
        </test-method> <!-- inputEmail -->
        <test-method signature="inputPassword()[pri:0, instance:pageClasses.LoginPage@29d80d2b]" started-at="2023-09-05T10:34:18 IST" name="inputPassword" finished-at="2023-09-05T10:34:50 IST" duration-ms="32016" status="PASS">
          <reporter-output>
          </reporter-output>
        </test-method> <!-- inputPassword -->
      </class> <!-- pageClasses.LoginPage -->
      <class name="baseClasses.BaseClass">
        <test-method is-config="true" signature="setBrowser()[pri:0, instance:baseClasses.BaseClass@57bc27f5]" started-at="2023-09-05T10:33:48 IST" name="setBrowser" finished-at="2023-09-05T10:34:01 IST" duration-ms="13077" status="PASS">
          <reporter-output>
          </reporter-output>
        </test-method> <!-- setBrowser -->
        <test-method signature="openBeCognizant()[pri:0, instance:baseClasses.BaseClass@57bc27f5]" started-at="2023-09-05T10:34:02 IST" name="openBeCognizant" finished-at="2023-09-05T10:34:12 IST" duration-ms="10318" status="PASS">
          <reporter-output>
          </reporter-output>
        </test-method> <!-- openBeCognizant -->
        <test-method is-config="true" signature="closeBrowser()[pri:0, instance:baseClasses.BaseClass@57bc27f5]" started-at="2023-09-05T10:36:23 IST" name="closeBrowser" finished-at="2023-09-05T10:36:25 IST" duration-ms="1982" status="PASS">
          <reporter-output>
          </reporter-output>
        </test-method> <!-- closeBrowser -->
      </class> <!-- baseClasses.BaseClass -->
      <class name="pageClasses.GettingNewsArticle">
        <test-method signature="getHeadings()[pri:0, instance:pageClasses.GettingNewsArticle@47caedad]" started-at="2023-09-05T10:35:11 IST" name="getHeadings" finished-at="2023-09-05T10:35:12 IST" duration-ms="380" status="PASS">
          <reporter-output>
          </reporter-output>
        </test-method> <!-- getHeadings -->
        <test-method signature="getNewsArticle()[pri:0, instance:pageClasses.GettingNewsArticle@47caedad]" started-at="2023-09-05T10:35:12 IST" name="getNewsArticle" finished-at="2023-09-05T10:36:23 IST" duration-ms="71670" status="PASS">
          <reporter-output>
          </reporter-output>
        </test-method> <!-- getNewsArticle -->
      </class> <!-- pageClasses.GettingNewsArticle -->
      <class name="pageClasses.BeCognizantPortal">
        <test-method signature="getUserDetails()[pri:0, instance:pageClasses.BeCognizantPortal@5340477f]" started-at="2023-09-05T10:34:50 IST" name="getUserDetails" finished-at="2023-09-05T10:35:11 IST" duration-ms="20947" status="PASS">
          <reporter-output>
          </reporter-output>
        </test-method> <!-- getUserDetails -->
      </class> <!-- pageClasses.BeCognizantPortal -->
    </test> <!-- Test -->
  </suite> <!-- Suite -->
</testng-results>
